[INFO ] 2018-02-04 17:57:20.639 [restartedMain] LogHelper - HHH000204: Processing PersistenceUnitInfo [
	name: default
	...]
[INFO ] 2018-02-04 17:57:20.728 [restartedMain] Version - HHH000412: Hibernate Core {5.0.12.Final}
[INFO ] 2018-02-04 17:57:20.731 [restartedMain] Environment - HHH000206: hibernate.properties not found
[INFO ] 2018-02-04 17:57:20.732 [restartedMain] Environment - HHH000021: Bytecode provider name : javassist
[INFO ] 2018-02-04 17:57:20.775 [restartedMain] Version - HCANN000001: Hibernate Commons Annotations {5.0.1.Final}
[INFO ] 2018-02-04 17:57:20.890 [restartedMain] Dialect - HHH000400: Using dialect: org.hibernate.dialect.PostgreSQLDialect
[INFO ] 2018-02-04 17:57:20.908 [restartedMain] LobCreatorBuilderImpl - HHH000422: Disabling contextual LOB creation as connection was null
[INFO ] 2018-02-04 17:57:20.910 [restartedMain] BasicTypeRegistry - HHH000270: Type registration [java.util.UUID] overrides previous : org.hibernate.type.UUIDBinaryType@6d02f428
[INFO ] 2018-02-04 17:57:21.530 [restartedMain] Dialect - HHH000400: Using dialect: org.hibernate.dialect.PostgreSQLDialect
[INFO ] 2018-02-04 17:57:21.531 [restartedMain] LobCreatorBuilderImpl - HHH000422: Disabling contextual LOB creation as connection was null
[INFO ] 2018-02-04 17:57:21.531 [restartedMain] BasicTypeRegistry - HHH000270: Type registration [java.util.UUID] overrides previous : org.hibernate.type.UUIDBinaryType@6d02f428
[INFO ] 2018-02-04 17:57:21.875 [restartedMain] QueryTranslatorFactoryInitiator - HHH000397: Using ASTQueryTranslatorFactory
[INFO ] 2018-02-16 20:46:33.049 [restartedMain] LogHelper - HHH000204: Processing PersistenceUnitInfo [
	name: default
	...]
[INFO ] 2018-02-16 20:46:33.212 [restartedMain] Version - HHH000412: Hibernate Core {5.0.12.Final}
[INFO ] 2018-02-16 20:46:33.221 [restartedMain] Environment - HHH000206: hibernate.properties not found
[INFO ] 2018-02-16 20:46:33.227 [restartedMain] Environment - HHH000021: Bytecode provider name : javassist
[INFO ] 2018-02-16 20:46:33.313 [restartedMain] Version - HCANN000001: Hibernate Commons Annotations {5.0.1.Final}
[INFO ] 2018-02-16 20:46:33.679 [restartedMain] Dialect - HHH000400: Using dialect: org.hibernate.dialect.PostgreSQLDialect
[INFO ] 2018-02-16 20:46:33.742 [restartedMain] LobCreatorBuilderImpl - HHH000422: Disabling contextual LOB creation as connection was null
[INFO ] 2018-02-16 20:46:33.746 [restartedMain] BasicTypeRegistry - HHH000270: Type registration [java.util.UUID] overrides previous : org.hibernate.type.UUIDBinaryType@629c77be
[INFO ] 2018-02-16 20:46:35.480 [restartedMain] Dialect - HHH000400: Using dialect: org.hibernate.dialect.PostgreSQLDialect
[INFO ] 2018-02-16 20:46:35.493 [restartedMain] LobCreatorBuilderImpl - HHH000422: Disabling contextual LOB creation as connection was null
[INFO ] 2018-02-16 20:46:35.503 [restartedMain] BasicTypeRegistry - HHH000270: Type registration [java.util.UUID] overrides previous : org.hibernate.type.UUIDBinaryType@629c77be
[INFO ] 2018-02-16 20:46:36.789 [restartedMain] QueryTranslatorFactoryInitiator - HHH000397: Using ASTQueryTranslatorFactory
[INFO ] 2018-02-17 10:43:35.674 [restartedMain] LogHelper - HHH000204: Processing PersistenceUnitInfo [
	name: default
	...]
[INFO ] 2018-02-17 10:43:35.844 [restartedMain] Version - HHH000412: Hibernate Core {5.0.12.Final}
[INFO ] 2018-02-17 10:43:35.847 [restartedMain] Environment - HHH000206: hibernate.properties not found
[INFO ] 2018-02-17 10:43:35.849 [restartedMain] Environment - HHH000021: Bytecode provider name : javassist
[INFO ] 2018-02-17 10:43:35.920 [restartedMain] Version - HCANN000001: Hibernate Commons Annotations {5.0.1.Final}
[INFO ] 2018-02-17 10:43:36.102 [restartedMain] Dialect - HHH000400: Using dialect: org.hibernate.dialect.PostgreSQLDialect
[INFO ] 2018-02-17 10:43:36.125 [restartedMain] LobCreatorBuilderImpl - HHH000422: Disabling contextual LOB creation as connection was null
[INFO ] 2018-02-17 10:43:36.128 [restartedMain] BasicTypeRegistry - HHH000270: Type registration [java.util.UUID] overrides previous : org.hibernate.type.UUIDBinaryType@5ba78862
[INFO ] 2018-02-17 10:43:36.951 [restartedMain] Dialect - HHH000400: Using dialect: org.hibernate.dialect.PostgreSQLDialect
[INFO ] 2018-02-17 10:43:36.953 [restartedMain] LobCreatorBuilderImpl - HHH000422: Disabling contextual LOB creation as connection was null
[INFO ] 2018-02-17 10:43:36.955 [restartedMain] BasicTypeRegistry - HHH000270: Type registration [java.util.UUID] overrides previous : org.hibernate.type.UUIDBinaryType@5ba78862
[INFO ] 2018-02-17 10:43:37.484 [restartedMain] QueryTranslatorFactoryInitiator - HHH000397: Using ASTQueryTranslatorFactory
[INFO ] 2018-02-17 13:09:36.907 [restartedMain] LogHelper - HHH000204: Processing PersistenceUnitInfo [
	name: default
	...]
[INFO ] 2018-02-17 13:09:36.984 [restartedMain] Version - HHH000412: Hibernate Core {5.0.12.Final}
[INFO ] 2018-02-17 13:09:36.987 [restartedMain] Environment - HHH000206: hibernate.properties not found
[INFO ] 2018-02-17 13:09:36.989 [restartedMain] Environment - HHH000021: Bytecode provider name : javassist
[INFO ] 2018-02-17 13:09:37.039 [restartedMain] Version - HCANN000001: Hibernate Commons Annotations {5.0.1.Final}
[INFO ] 2018-02-17 13:09:37.158 [restartedMain] Dialect - HHH000400: Using dialect: org.hibernate.dialect.PostgreSQLDialect
[INFO ] 2018-02-17 13:09:37.174 [restartedMain] LobCreatorBuilderImpl - HHH000422: Disabling contextual LOB creation as connection was null
[INFO ] 2018-02-17 13:09:37.177 [restartedMain] BasicTypeRegistry - HHH000270: Type registration [java.util.UUID] overrides previous : org.hibernate.type.UUIDBinaryType@3734ed81
[INFO ] 2018-02-17 13:09:37.828 [restartedMain] Dialect - HHH000400: Using dialect: org.hibernate.dialect.PostgreSQLDialect
[INFO ] 2018-02-17 13:09:37.829 [restartedMain] LobCreatorBuilderImpl - HHH000422: Disabling contextual LOB creation as connection was null
[INFO ] 2018-02-17 13:09:37.830 [restartedMain] BasicTypeRegistry - HHH000270: Type registration [java.util.UUID] overrides previous : org.hibernate.type.UUIDBinaryType@3734ed81
[INFO ] 2018-02-17 13:09:38.277 [restartedMain] QueryTranslatorFactoryInitiator - HHH000397: Using ASTQueryTranslatorFactory
[INFO ] 2018-02-18 14:38:29.445 [restartedMain] LogHelper - HHH000204: Processing PersistenceUnitInfo [
	name: default
	...]
[INFO ] 2018-02-18 14:38:29.581 [restartedMain] Version - HHH000412: Hibernate Core {5.0.12.Final}
[INFO ] 2018-02-18 14:38:29.583 [restartedMain] Environment - HHH000206: hibernate.properties not found
[INFO ] 2018-02-18 14:38:29.586 [restartedMain] Environment - HHH000021: Bytecode provider name : javassist
[INFO ] 2018-02-18 14:38:29.641 [restartedMain] Version - HCANN000001: Hibernate Commons Annotations {5.0.1.Final}
[INFO ] 2018-02-18 14:38:29.831 [restartedMain] Dialect - HHH000400: Using dialect: org.hibernate.dialect.PostgreSQLDialect
[INFO ] 2018-02-18 14:38:29.877 [restartedMain] LobCreatorBuilderImpl - HHH000422: Disabling contextual LOB creation as connection was null
[INFO ] 2018-02-18 14:38:29.881 [restartedMain] BasicTypeRegistry - HHH000270: Type registration [java.util.UUID] overrides previous : org.hibernate.type.UUIDBinaryType@4b5448b4
[INFO ] 2018-02-18 14:38:30.780 [restartedMain] Dialect - HHH000400: Using dialect: org.hibernate.dialect.PostgreSQLDialect
[INFO ] 2018-02-18 14:38:30.781 [restartedMain] LobCreatorBuilderImpl - HHH000422: Disabling contextual LOB creation as connection was null
[INFO ] 2018-02-18 14:38:30.783 [restartedMain] BasicTypeRegistry - HHH000270: Type registration [java.util.UUID] overrides previous : org.hibernate.type.UUIDBinaryType@4b5448b4
[INFO ] 2018-02-18 14:38:31.177 [restartedMain] QueryTranslatorFactoryInitiator - HHH000397: Using ASTQueryTranslatorFactory
[INFO ] 2018-02-19 20:26:08.927 [restartedMain] LogHelper - HHH000204: Processing PersistenceUnitInfo [
	name: default
	...]
[INFO ] 2018-02-19 20:26:09.015 [restartedMain] Version - HHH000412: Hibernate Core {5.0.12.Final}
[INFO ] 2018-02-19 20:26:09.018 [restartedMain] Environment - HHH000206: hibernate.properties not found
[INFO ] 2018-02-19 20:26:09.020 [restartedMain] Environment - HHH000021: Bytecode provider name : javassist
[INFO ] 2018-02-19 20:26:09.090 [restartedMain] Version - HCANN000001: Hibernate Commons Annotations {5.0.1.Final}
[INFO ] 2018-02-19 20:26:09.292 [restartedMain] Dialect - HHH000400: Using dialect: org.hibernate.dialect.PostgreSQLDialect
[INFO ] 2018-02-19 20:26:09.314 [restartedMain] LobCreatorBuilderImpl - HHH000422: Disabling contextual LOB creation as connection was null
[INFO ] 2018-02-19 20:26:09.316 [restartedMain] BasicTypeRegistry - HHH000270: Type registration [java.util.UUID] overrides previous : org.hibernate.type.UUIDBinaryType@11a5821a
[INFO ] 2018-02-19 20:26:10.222 [restartedMain] Dialect - HHH000400: Using dialect: org.hibernate.dialect.PostgreSQLDialect
[INFO ] 2018-02-19 20:26:10.223 [restartedMain] LobCreatorBuilderImpl - HHH000422: Disabling contextual LOB creation as connection was null
[INFO ] 2018-02-19 20:26:10.224 [restartedMain] BasicTypeRegistry - HHH000270: Type registration [java.util.UUID] overrides previous : org.hibernate.type.UUIDBinaryType@11a5821a
[INFO ] 2018-02-19 20:26:10.788 [restartedMain] QueryTranslatorFactoryInitiator - HHH000397: Using ASTQueryTranslatorFactory
[INFO ] 2018-02-20 21:49:02.854 [restartedMain] LogHelper - HHH000204: Processing PersistenceUnitInfo [
	name: default
	...]
[INFO ] 2018-02-20 21:49:02.984 [restartedMain] Version - HHH000412: Hibernate Core {5.0.12.Final}
[INFO ] 2018-02-20 21:49:02.987 [restartedMain] Environment - HHH000206: hibernate.properties not found
[INFO ] 2018-02-20 21:49:02.989 [restartedMain] Environment - HHH000021: Bytecode provider name : javassist
[INFO ] 2018-02-20 21:49:03.086 [restartedMain] Version - HCANN000001: Hibernate Commons Annotations {5.0.1.Final}
[INFO ] 2018-02-20 21:49:03.276 [restartedMain] Dialect - HHH000400: Using dialect: org.hibernate.dialect.PostgreSQLDialect
[INFO ] 2018-02-20 21:49:03.304 [restartedMain] LobCreatorBuilderImpl - HHH000422: Disabling contextual LOB creation as connection was null
[INFO ] 2018-02-20 21:49:03.308 [restartedMain] BasicTypeRegistry - HHH000270: Type registration [java.util.UUID] overrides previous : org.hibernate.type.UUIDBinaryType@39cbe7f3
[INFO ] 2018-02-20 21:49:04.267 [restartedMain] Dialect - HHH000400: Using dialect: org.hibernate.dialect.PostgreSQLDialect
[INFO ] 2018-02-20 21:49:04.270 [restartedMain] LobCreatorBuilderImpl - HHH000422: Disabling contextual LOB creation as connection was null
[INFO ] 2018-02-20 21:49:04.271 [restartedMain] BasicTypeRegistry - HHH000270: Type registration [java.util.UUID] overrides previous : org.hibernate.type.UUIDBinaryType@39cbe7f3
[INFO ] 2018-02-20 21:49:05.268 [restartedMain] QueryTranslatorFactoryInitiator - HHH000397: Using ASTQueryTranslatorFactory
[INFO ] 2018-02-26 22:27:43.370 [restartedMain] LogHelper - HHH000204: Processing PersistenceUnitInfo [
	name: default
	...]
[INFO ] 2018-02-26 22:27:45.326 [restartedMain] Version - HHH000412: Hibernate Core {5.0.12.Final}
[INFO ] 2018-02-26 22:27:45.328 [restartedMain] Environment - HHH000206: hibernate.properties not found
[INFO ] 2018-02-26 22:27:45.330 [restartedMain] Environment - HHH000021: Bytecode provider name : javassist
[INFO ] 2018-02-26 22:27:45.795 [restartedMain] Version - HCANN000001: Hibernate Commons Annotations {5.0.1.Final}
[INFO ] 2018-02-26 22:27:47.165 [restartedMain] Dialect - HHH000400: Using dialect: org.hibernate.dialect.PostgreSQLDialect
[INFO ] 2018-02-26 22:27:47.309 [restartedMain] LobCreatorBuilderImpl - HHH000422: Disabling contextual LOB creation as connection was null
[INFO ] 2018-02-26 22:27:47.314 [restartedMain] BasicTypeRegistry - HHH000270: Type registration [java.util.UUID] overrides previous : org.hibernate.type.UUIDBinaryType@385b6245
[INFO ] 2018-02-26 22:27:50.590 [restartedMain] Dialect - HHH000400: Using dialect: org.hibernate.dialect.PostgreSQLDialect
[INFO ] 2018-02-26 22:27:50.593 [restartedMain] LobCreatorBuilderImpl - HHH000422: Disabling contextual LOB creation as connection was null
[INFO ] 2018-02-26 22:27:50.595 [restartedMain] BasicTypeRegistry - HHH000270: Type registration [java.util.UUID] overrides previous : org.hibernate.type.UUIDBinaryType@385b6245
[INFO ] 2018-02-26 22:27:52.206 [restartedMain] QueryTranslatorFactoryInitiator - HHH000397: Using ASTQueryTranslatorFactory
[INFO ] 2018-02-28 20:42:49.827 [restartedMain] LogHelper - HHH000204: Processing PersistenceUnitInfo [
	name: default
	...]
[INFO ] 2018-02-28 20:42:49.994 [restartedMain] Version - HHH000412: Hibernate Core {5.0.12.Final}
[INFO ] 2018-02-28 20:42:49.994 [restartedMain] Environment - HHH000206: hibernate.properties not found
[INFO ] 2018-02-28 20:42:49.994 [restartedMain] Environment - HHH000021: Bytecode provider name : javassist
[INFO ] 2018-02-28 20:42:50.088 [restartedMain] Version - HCANN000001: Hibernate Commons Annotations {5.0.1.Final}
[INFO ] 2018-02-28 20:42:50.260 [restartedMain] Dialect - HHH000400: Using dialect: org.hibernate.dialect.PostgreSQLDialect
[INFO ] 2018-02-28 20:42:50.275 [restartedMain] LobCreatorBuilderImpl - HHH000422: Disabling contextual LOB creation as connection was null
[INFO ] 2018-02-28 20:42:50.291 [restartedMain] BasicTypeRegistry - HHH000270: Type registration [java.util.UUID] overrides previous : org.hibernate.type.UUIDBinaryType@23ed7954
[INFO ] 2018-02-28 20:42:51.010 [restartedMain] Dialect - HHH000400: Using dialect: org.hibernate.dialect.PostgreSQLDialect
[INFO ] 2018-02-28 20:42:51.010 [restartedMain] LobCreatorBuilderImpl - HHH000422: Disabling contextual LOB creation as connection was null
[INFO ] 2018-02-28 20:42:51.010 [restartedMain] BasicTypeRegistry - HHH000270: Type registration [java.util.UUID] overrides previous : org.hibernate.type.UUIDBinaryType@23ed7954
[INFO ] 2018-02-28 20:42:52.333 [restartedMain] QueryTranslatorFactoryInitiator - HHH000397: Using ASTQueryTranslatorFactory
[INFO ] 2018-03-01 22:01:04.519 [restartedMain] LogHelper - HHH000204: Processing PersistenceUnitInfo [
	name: default
	...]
[INFO ] 2018-03-01 22:01:04.588 [restartedMain] Version - HHH000412: Hibernate Core {5.0.12.Final}
[INFO ] 2018-03-01 22:01:04.589 [restartedMain] Environment - HHH000206: hibernate.properties not found
[INFO ] 2018-03-01 22:01:04.591 [restartedMain] Environment - HHH000021: Bytecode provider name : javassist
[INFO ] 2018-03-01 22:01:04.632 [restartedMain] Version - HCANN000001: Hibernate Commons Annotations {5.0.1.Final}
[INFO ] 2018-03-01 22:01:04.739 [restartedMain] Dialect - HHH000400: Using dialect: org.hibernate.dialect.PostgreSQLDialect
[INFO ] 2018-03-01 22:01:04.754 [restartedMain] LobCreatorBuilderImpl - HHH000422: Disabling contextual LOB creation as connection was null
[INFO ] 2018-03-01 22:01:04.756 [restartedMain] BasicTypeRegistry - HHH000270: Type registration [java.util.UUID] overrides previous : org.hibernate.type.UUIDBinaryType@3e81d127
[INFO ] 2018-03-01 22:01:05.319 [restartedMain] Dialect - HHH000400: Using dialect: org.hibernate.dialect.PostgreSQLDialect
[INFO ] 2018-03-01 22:01:05.319 [restartedMain] LobCreatorBuilderImpl - HHH000422: Disabling contextual LOB creation as connection was null
[INFO ] 2018-03-01 22:01:05.321 [restartedMain] BasicTypeRegistry - HHH000270: Type registration [java.util.UUID] overrides previous : org.hibernate.type.UUIDBinaryType@3e81d127
[INFO ] 2018-03-01 22:01:05.667 [restartedMain] QueryTranslatorFactoryInitiator - HHH000397: Using ASTQueryTranslatorFactory
